  Calculator.cpp
C:\Users\cv558\OneDrive\바탕 화면\SR\SR_Map_Tool\Engine\Utility\Code\Calculator.cpp(103,25): warning C4018: '<': signed 또는 unsigned가 일치하지 않습니다.
C:\Users\cv558\OneDrive\바탕 화면\SR\SR_Map_Tool\Engine\Utility\Code\Calculator.cpp(185,13): warning C4244: '초기화 중': 'float'에서 'DWORD'(으)로 변환하면서 데이터가 손실될 수 있습니다.
  Utility.vcxproj -> C:\Users\cv558\OneDrive\바탕 화면\SR\SR_Map_Tool\Engine\Utility\Bin\Utility.dll
          1개 파일이 복사되었습니다.
  지정된 경로를 찾을 수 없습니다.
          0개 파일이 복사되었습니다.
          1개 파일이 복사되었습니다.
  .\Engine\Header\BaseCollider.h
  .\Engine\Header\Calculator.h
  .\Engine\Header\Camera.h
  .\Engine\Header\CollisionMgr.h
  .\Engine\Header\Component.h
  .\Engine\Header\CubeTex.h
  .\Engine\Header\DynamicAABBTree.h
  .\Engine\Header\Engine_Define.h
  .\Engine\Header\Engine_Enum.h
  .\Engine\Header\Engine_Function.h
  .\Engine\Header\Engine_Macro.h
  .\Engine\Header\Engine_Struct.h
  .\Engine\Header\Engine_Typedef.h
  .\Engine\Header\Export_System.h
  .\Engine\Header\Export_Utility.h
  .\Engine\Header\FBXLoader.h
  .\Engine\Header\fbxsdk.h
  .\Engine\Header\FontMgr.h
  .\Engine\Header\Frame.h
  .\Engine\Header\FrameMgr.h
  .\Engine\Header\GameObject.h
  .\Engine\Header\GraphicDev.h
  .\Engine\Header\InputDev.h
  .\Engine\Header\Layer.h
  .\Engine\Header\Light.h
  .\Engine\Header\LightMgr.h
  .\Engine\Header\Management.h
  .\Engine\Header\Mesh.h
  .\Engine\Header\MeshLoader.h
  .\Engine\Header\MyFont.h
  .\Engine\Header\ParticleBuffer.h
  .\Engine\Header\ProtoMgr.h
  .\Engine\Header\RcCol.h
  .\Engine\Header\RcTex.h
  .\Engine\Header\Renderer.h
  .\Engine\Header\Scene.h
  .\Engine\Header\TerrainTex.h
  .\Engine\Header\Texture.h
  .\Engine\Header\Timer.h
  .\Engine\Header\TimerMgr.h
  .\Engine\Header\Transform.h
  .\Engine\Header\TriCol.h
  .\Engine\Header\UICamera.h
  .\Engine\Header\VIBuffer.h
         44개 파일이 복사되었습니다.
  .\Engine\Header\Export_System.inl
  .\Engine\Header\Export_Utility.inl
          2개 파일이 복사되었습니다.
